mode: atomic
github.com/p12s/using-orm-with-db/internal/config/config.go:33.29,36.57 2 2
github.com/p12s/using-orm-with-db/internal/config/config.go:40.2,40.67 1 1
github.com/p12s/using-orm-with-db/internal/config/config.go:44.2,44.17 1 1
github.com/p12s/using-orm-with-db/internal/config/config.go:36.57,38.3 1 1
github.com/p12s/using-orm-with-db/internal/config/config.go:40.67,42.3 1 0
github.com/p12s/using-orm-with-db/internal/transport/rest/health.go:9.66,15.16 2 1
github.com/p12s/using-orm-with-db/internal/transport/rest/health.go:20.2,20.25 1 1
github.com/p12s/using-orm-with-db/internal/transport/rest/health.go:15.16,18.3 2 0
github.com/p12s/using-orm-with-db/internal/transport/rest/middleware.go:19.56,20.71 1 0
github.com/p12s/using-orm-with-db/internal/transport/rest/middleware.go:20.71,24.3 1 0
github.com/p12s/using-orm-with-db/internal/transport/rest/middleware.go:28.66,29.71 1 0
github.com/p12s/using-orm-with-db/internal/transport/rest/middleware.go:29.71,31.17 2 0
github.com/p12s/using-orm-with-db/internal/transport/rest/middleware.go:36.3,37.17 2 0
github.com/p12s/using-orm-with-db/internal/transport/rest/middleware.go:42.3,43.40 2 0
github.com/p12s/using-orm-with-db/internal/transport/rest/middleware.go:31.17,34.4 2 0
github.com/p12s/using-orm-with-db/internal/transport/rest/middleware.go:37.17,40.4 2 0
github.com/p12s/using-orm-with-db/internal/transport/rest/middleware.go:48.59,50.18 2 0
github.com/p12s/using-orm-with-db/internal/transport/rest/middleware.go:54.2,55.57 2 0
github.com/p12s/using-orm-with-db/internal/transport/rest/middleware.go:59.2,59.30 1 0
github.com/p12s/using-orm-with-db/internal/transport/rest/middleware.go:63.2,63.28 1 0
github.com/p12s/using-orm-with-db/internal/transport/rest/middleware.go:50.18,52.3 1 0
github.com/p12s/using-orm-with-db/internal/transport/rest/middleware.go:55.57,57.3 1 0
github.com/p12s/using-orm-with-db/internal/transport/rest/middleware.go:59.30,61.3 1 0
github.com/p12s/using-orm-with-db/internal/transport/rest/middleware.go:67.49,71.9 3 0
github.com/p12s/using-orm-with-db/internal/transport/rest/middleware.go:74.2,74.21 1 0
github.com/p12s/using-orm-with-db/internal/transport/rest/middleware.go:78.2,78.24 1 0
github.com/p12s/using-orm-with-db/internal/transport/rest/middleware.go:71.9,73.3 1 0
github.com/p12s/using-orm-with-db/internal/transport/rest/middleware.go:74.21,76.3 1 0
github.com/p12s/using-orm-with-db/internal/transport/rest/response.go:11.91,21.2 5 6
github.com/p12s/using-orm-with-db/internal/transport/rest/response.go:24.60,28.2 3 2
github.com/p12s/using-orm-with-db/internal/transport/rest/account.go:8.70,10.16 2 0
github.com/p12s/using-orm-with-db/internal/transport/rest/account.go:15.2,16.16 2 0
github.com/p12s/using-orm-with-db/internal/transport/rest/account.go:21.2,22.16 2 0
github.com/p12s/using-orm-with-db/internal/transport/rest/account.go:27.2,27.25 1 0
github.com/p12s/using-orm-with-db/internal/transport/rest/account.go:10.16,13.3 2 0
github.com/p12s/using-orm-with-db/internal/transport/rest/account.go:16.16,19.3 2 0
github.com/p12s/using-orm-with-db/internal/transport/rest/account.go:22.16,25.3 2 0
github.com/p12s/using-orm-with-db/internal/transport/rest/auth.go:10.66,12.16 2 4
github.com/p12s/using-orm-with-db/internal/transport/rest/auth.go:17.2,18.56 2 4
github.com/p12s/using-orm-with-db/internal/transport/rest/auth.go:23.2,23.40 1 4
github.com/p12s/using-orm-with-db/internal/transport/rest/auth.go:28.2,29.16 2 2
github.com/p12s/using-orm-with-db/internal/transport/rest/auth.go:34.2,34.35 1 1
github.com/p12s/using-orm-with-db/internal/transport/rest/auth.go:12.16,15.3 2 0
github.com/p12s/using-orm-with-db/internal/transport/rest/auth.go:18.56,21.3 2 0
github.com/p12s/using-orm-with-db/internal/transport/rest/auth.go:23.40,26.3 2 2
github.com/p12s/using-orm-with-db/internal/transport/rest/auth.go:29.16,32.3 2 1
github.com/p12s/using-orm-with-db/internal/transport/rest/auth.go:37.66,39.16 2 4
github.com/p12s/using-orm-with-db/internal/transport/rest/auth.go:44.2,45.56 2 4
github.com/p12s/using-orm-with-db/internal/transport/rest/auth.go:51.2,51.40 1 4
github.com/p12s/using-orm-with-db/internal/transport/rest/auth.go:56.2,57.16 2 2
github.com/p12s/using-orm-with-db/internal/transport/rest/auth.go:62.2,65.16 2 1
github.com/p12s/using-orm-with-db/internal/transport/rest/auth.go:70.2,70.25 1 1
github.com/p12s/using-orm-with-db/internal/transport/rest/auth.go:39.16,42.3 2 0
github.com/p12s/using-orm-with-db/internal/transport/rest/auth.go:45.56,48.3 2 0
github.com/p12s/using-orm-with-db/internal/transport/rest/auth.go:51.40,54.3 2 2
github.com/p12s/using-orm-with-db/internal/transport/rest/auth.go:57.16,60.3 2 1
github.com/p12s/using-orm-with-db/internal/transport/rest/auth.go:65.16,68.3 2 0
github.com/p12s/using-orm-with-db/internal/transport/rest/handler.go:15.53,17.2 1 9
github.com/p12s/using-orm-with-db/internal/transport/rest/handler.go:20.44,28.2 7 0
github.com/p12s/using-orm-with-db/internal/transport/rest/handler.go:33.2,34.2 2 0
github.com/p12s/using-orm-with-db/internal/transport/rest/handler.go:42.2,42.15 1 0
github.com/p12s/using-orm-with-db/internal/transport/rest/handler.go:28.2,31.3 2 0
github.com/p12s/using-orm-with-db/internal/transport/rest/handler.go:34.2,40.3 5 0
